<?xml version="1.0" encoding="UTF-8"?>
<!-- Generated by org.testng.reporters.JUnitXMLReporter -->
<testsuite ignored="0" hostname="LAPTOP-HIKG7N16" failures="0" tests="6" name="Default test" time="3.243" errors="0" timestamp="2024-04-16T17:02:01 ICT">
  <testcase classname="ThucHanh.GET_Valid" name="TC01_checkStatus" time="0.008"/>
  <testcase classname="ThucHanh.GET_Valid" name="TC02_checkFirstName" time="0.002"/>
  <testcase classname="ThucHanh.GET_Valid" name="TC03_checkLastName" time="0.001"/>
  <testcase classname="ThucHanh.GET_Valid" name="TC04_checkAvatar" time="0.001"/>
  <testcase classname="ThucHanh.GET_Valid" name="TC05_checkUserIdMatch" time="0.598"/>
  <testcase classname="ThucHanh.GET_Valid" name="TC06_checkEmail" time="0.002"/>
</testsuite> <!-- Default test -->
