<?xml version="1.0" encoding="UTF-8"?>
<testng-results ignored="0" total="6" passed="6" failed="0" skipped="0">
  <reporter-output>
  </reporter-output>
  <suite started-at="2024-04-16T17:01:58 ICT" name="Default suite" finished-at="2024-04-16T17:02:01 ICT" duration-ms="3243">
    <groups>
    </groups>
    <test started-at="2024-04-16T17:01:58 ICT" name="Default test" finished-at="2024-04-16T17:02:01 ICT" duration-ms="3243">
      <class name="ThucHanh.GET_Valid">
        <test-method is-config="true" signature="init()[pri:0, instance:ThucHanh.GET_Valid@4229bb3f]" started-at="2024-04-16T17:01:58 ICT" name="init" finished-at="2024-04-16T17:02:00 ICT" duration-ms="2580" status="PASS">
          <reporter-output>
          </reporter-output>
        </test-method> <!-- init -->
        <test-method signature="TC01_checkStatus()[pri:0, instance:ThucHanh.GET_Valid@4229bb3f]" started-at="2024-04-16T17:02:00 ICT" name="TC01_checkStatus" finished-at="2024-04-16T17:02:00 ICT" duration-ms="8" status="PASS">
          <reporter-output>
          </reporter-output>
        </test-method> <!-- TC01_checkStatus -->
        <test-method signature="TC02_checkFirstName()[pri:0, instance:ThucHanh.GET_Valid@4229bb3f]" started-at="2024-04-16T17:02:00 ICT" name="TC02_checkFirstName" finished-at="2024-04-16T17:02:00 ICT" duration-ms="2" status="PASS">
          <reporter-output>
          </reporter-output>
        </test-method> <!-- TC02_checkFirstName -->
        <test-method signature="TC03_checkLastName()[pri:0, instance:ThucHanh.GET_Valid@4229bb3f]" started-at="2024-04-16T17:02:00 ICT" name="TC03_checkLastName" finished-at="2024-04-16T17:02:00 ICT" duration-ms="1" status="PASS">
          <reporter-output>
          </reporter-output>
        </test-method> <!-- TC03_checkLastName -->
        <test-method signature="TC04_checkAvatar()[pri:0, instance:ThucHanh.GET_Valid@4229bb3f]" started-at="2024-04-16T17:02:00 ICT" name="TC04_checkAvatar" finished-at="2024-04-16T17:02:00 ICT" duration-ms="1" status="PASS">
          <reporter-output>
          </reporter-output>
        </test-method> <!-- TC04_checkAvatar -->
        <test-method signature="TC05_checkUserIdMatch()[pri:0, instance:ThucHanh.GET_Valid@4229bb3f]" started-at="2024-04-16T17:02:00 ICT" name="TC05_checkUserIdMatch" finished-at="2024-04-16T17:02:01 ICT" duration-ms="598" status="PASS">
          <reporter-output>
          </reporter-output>
        </test-method> <!-- TC05_checkUserIdMatch -->
        <test-method signature="TC06_checkEmail()[pri:0, instance:ThucHanh.GET_Valid@4229bb3f]" started-at="2024-04-16T17:02:01 ICT" name="TC06_checkEmail" finished-at="2024-04-16T17:02:01 ICT" duration-ms="2" status="PASS">
          <reporter-output>
          </reporter-output>
        </test-method> <!-- TC06_checkEmail -->
        <test-method is-config="true" signature="closeAPI()[pri:0, instance:ThucHanh.GET_Valid@4229bb3f]" started-at="2024-04-16T17:02:01 ICT" name="closeAPI" finished-at="2024-04-16T17:02:01 ICT" duration-ms="1" status="PASS">
          <reporter-output>
          </reporter-output>
        </test-method> <!-- closeAPI -->
      </class> <!-- ThucHanh.GET_Valid -->
    </test> <!-- Default test -->
  </suite> <!-- Default suite -->
</testng-results>
